Using pre-set license
Built from '2022.3/staging' branch; Version is '2022.3.6f1 (b9e6e7e9fa2d) revision 12183271'; Using compiler version '192829333'; Build Type 'Release'
OS: 'Windows 11  (10.0.22621) 64bit CoreSingleLanguage' Language: 'en' Physical Memory: 23916 MB
BatchMode: 1, IsHumanControllingUs: 0, StartBugReporterOnCrash: 0, Is64bit: 1, IsPro: 1

COMMAND LINE ARGUMENTS:
D:\2unity\Unity\2022.3.6f1\2022.3.6f1\Editor\Unity.exe
-adb2
-batchMode
-noUpm
-name
AssetImportWorker0
-projectPath
E:/Save Game/Clone/chiendauquaivat
-logFile
Logs/AssetImportWorker0.log
-srvPort
65314
Successfully changed project path to: E:/Save Game/Clone/chiendauquaivat
E:/Save Game/Clone/chiendauquaivat
[UnityMemory] Configuration Parameters - Can be set up in boot.config
    "memorysetup-bucket-allocator-granularity=16"
    "memorysetup-bucket-allocator-bucket-count=8"
    "memorysetup-bucket-allocator-block-size=33554432"
    "memorysetup-bucket-allocator-block-count=8"
    "memorysetup-main-allocator-block-size=16777216"
    "memorysetup-thread-allocator-block-size=16777216"
    "memorysetup-gfx-main-allocator-block-size=16777216"
    "memorysetup-gfx-thread-allocator-block-size=16777216"
    "memorysetup-cache-allocator-block-size=4194304"
    "memorysetup-typetree-allocator-block-size=2097152"
    "memorysetup-profiler-bucket-allocator-granularity=16"
    "memorysetup-profiler-bucket-allocator-bucket-count=8"
    "memorysetup-profiler-bucket-allocator-block-size=33554432"
    "memorysetup-profiler-bucket-allocator-block-count=8"
    "memorysetup-profiler-allocator-block-size=16777216"
    "memorysetup-profiler-editor-allocator-block-size=1048576"
    "memorysetup-temp-allocator-size-main=16777216"
    "memorysetup-job-temp-allocator-block-size=2097152"
    "memorysetup-job-temp-allocator-block-size-background=1048576"
    "memorysetup-job-temp-allocator-reduction-small-platforms=262144"
    "memorysetup-allocator-temp-initial-block-size-main=262144"
    "memorysetup-allocator-temp-initial-block-size-worker=262144"
    "memorysetup-temp-allocator-size-background-worker=32768"
    "memorysetup-temp-allocator-size-job-worker=262144"
    "memorysetup-temp-allocator-size-preload-manager=33554432"
    "memorysetup-temp-allocator-size-nav-mesh-worker=65536"
    "memorysetup-temp-allocator-size-audio-worker=65536"
    "memorysetup-temp-allocator-size-cloud-worker=32768"
    "memorysetup-temp-allocator-size-gi-baking-worker=262144"
    "memorysetup-temp-allocator-size-gfx=262144"
Player connection [18808] Host "[IP] 192.168.0.103 [Port] 0 [Flags] 2 [Guid] 1728190653 [EditorId] 1728190653 [Version] 1048832 [Id] WindowsEditor(7,LAPTOP-0J3RIS8Q) [Debug] 1 [PackageName] WindowsEditor [ProjectName] Editor" joined multi-casting on [225.0.0.222:54997]...

Player connection [18808] Host "[IP] 192.168.0.103 [Port] 0 [Flags] 2 [Guid] 1728190653 [EditorId] 1728190653 [Version] 1048832 [Id] WindowsEditor(7,LAPTOP-0J3RIS8Q) [Debug] 1 [PackageName] WindowsEditor [ProjectName] Editor" joined alternative multi-casting on [225.0.0.222:34997]...

Refreshing native plugins compatible for Editor in 14.43 ms, found 4 plugins.
Preloading 0 native plugins for Editor in 0.00 ms.
Initialize engine version: 2022.3.6f1 (b9e6e7e9fa2d)
[Subsystems] Discovering subsystems at path D:/2unity/Unity/2022.3.6f1/2022.3.6f1/Editor/Data/Resources/UnitySubsystems
[Subsystems] Discovering subsystems at path E:/Save Game/Clone/chiendauquaivat/Assets
GfxDevice: creating device client; threaded=0; jobified=0
Direct3D:
    Version:  Direct3D 11.0 [level 11.1]
    Renderer: NVIDIA GeForce GTX 1650 (ID=0x1f9d)
    Vendor:   NVIDIA
    VRAM:     3962 MB
    Driver:   30.0.15.1274
Initialize mono
Mono path[0] = 'D:/2unity/Unity/2022.3.6f1/2022.3.6f1/Editor/Data/Managed'
Mono path[1] = 'D:/2unity/Unity/2022.3.6f1/2022.3.6f1/Editor/Data/MonoBleedingEdge/lib/mono/unityjit-win32'
Mono config path = 'D:/2unity/Unity/2022.3.6f1/2022.3.6f1/Editor/Data/MonoBleedingEdge/etc'
Using monoOptions --debugger-agent=transport=dt_socket,embedding=1,server=y,suspend=n,address=127.0.0.1:56956
Begin MonoManager ReloadAssembly
Registering precompiled unity dll's ...
Register platform support module: D:/2unity/Unity/2022.3.6f1/2022.3.6f1/Editor/Data/PlaybackEngines/WindowsStandaloneSupport/UnityEditor.WindowsStandalone.Extensions.dll
Registered in 0.003803 seconds.
- Loaded All Assemblies, in  0.322 seconds
Native extension for WindowsStandalone target not found
Mono: successfully reloaded assembly
- Finished resetting the current domain, in  0.288 seconds
Domain Reload Profiling: 611ms
	BeginReloadAssembly (90ms)
		ExecutionOrderSort (0ms)
		DisableScriptedObjects (0ms)
		BackupInstance (0ms)
		ReleaseScriptingObjects (0ms)
		CreateAndSetChildDomain (1ms)
	RebuildCommonClasses (31ms)
	RebuildNativeTypeToScriptingClass (11ms)
	initialDomainReloadingComplete (53ms)
	LoadAllAssembliesAndSetupDomain (136ms)
		LoadAssemblies (89ms)
		RebuildTransferFunctionScriptingTraits (0ms)
		AnalyzeDomain (133ms)
			TypeCache.Refresh (132ms)
				TypeCache.ScanAssembly (120ms)
			ScanForSourceGeneratedMonoScriptInfo (0ms)
			ResolveRequiredComponents (0ms)
	FinalizeReload (289ms)
		ReleaseScriptCaches (0ms)
		RebuildScriptCaches (0ms)
		SetupLoadedEditorAssemblies (228ms)
			LogAssemblyErrors (0ms)
			InitializePlatformSupportModulesInManaged (9ms)
			SetLoadedEditorAssemblies (8ms)
			RefreshPlugins (0ms)
			BeforeProcessingInitializeOnLoad (2ms)
			ProcessInitializeOnLoadAttributes (156ms)
			ProcessInitializeOnLoadMethodAttributes (54ms)
			AfterProcessingInitializeOnLoad (0ms)
			EditorAssembliesLoaded (0ms)
		ExecutionOrderSort2 (0ms)
		AwakeInstancesAfterBackupRestoration (0ms)
========================================================================
Worker process is ready to serve import requests
Begin MonoManager ReloadAssembly
Symbol file LoadedFromMemory doesn't match image E:\Save Game\Clone\chiendauquaivat\Library\PackageCache\com.unity.visualscripting@1.8.0\Editor\VisualScripting.Core\Dependencies\YamlDotNet\Unity.VisualScripting.YamlDotNet.dll
Symbol file LoadedFromMemory doesn't match image E:\Save Game\Clone\chiendauquaivat\Library\PackageCache\com.unity.visualscripting@1.8.0\Editor\VisualScripting.Core\Dependencies\DotNetZip\Unity.VisualScripting.IonicZip.dll
Symbol file LoadedFromMemory is not a mono symbol file
- Loaded All Assemblies, in  0.914 seconds
Refreshing native plugins compatible for Editor in 5.11 ms, found 4 plugins.
Native extension for WindowsStandalone target not found
Mono: successfully reloaded assembly
Package Manager log level set to [2]
[Package Manager] Server::EnsureServerProcessIsRunning -- launch failed, reason: Unity was launched with the -noUpm command-line argument
[Package Manager] UpmClient::Send -- Unable to send message (not connected to UPM process).
[Package Manager] Cannot connect to Unity Package Manager local server
[Package Manager] Server::EnsureServerProcessIsRunning -- launch failed, reason: Unity was launched with the -noUpm command-line argument
[Package Manager] UpmClient::Send -- Unable to send message (not connected to UPM process).
[Package Manager] Cannot connect to Unity Package Manager local server
- Finished resetting the current domain, in  0.693 seconds
Domain Reload Profiling: 1606ms
	BeginReloadAssembly (141ms)
		ExecutionOrderSort (0ms)
		DisableScriptedObjects (5ms)
		BackupInstance (0ms)
		ReleaseScriptingObjects (0ms)
		CreateAndSetChildDomain (26ms)
	RebuildCommonClasses (34ms)
	RebuildNativeTypeToScriptingClass (13ms)
	initialDomainReloadingComplete (45ms)
	LoadAllAssembliesAndSetupDomain (680ms)
		LoadAssemblies (342ms)
		RebuildTransferFunctionScriptingTraits (0ms)
		AnalyzeDomain (412ms)
			TypeCache.Refresh (365ms)
				TypeCache.ScanAssembly (347ms)
			ScanForSourceGeneratedMonoScriptInfo (35ms)
			ResolveRequiredComponents (13ms)
	FinalizeReload (694ms)
		ReleaseScriptCaches (0ms)
		RebuildScriptCaches (0ms)
		SetupLoadedEditorAssemblies (487ms)
			LogAssemblyErrors (0ms)
			InitializePlatformSupportModulesInManaged (5ms)
			SetLoadedEditorAssemblies (5ms)
			RefreshPlugins (0ms)
			BeforeProcessingInitializeOnLoad (80ms)
			ProcessInitializeOnLoadAttributes (309ms)
			ProcessInitializeOnLoadMethodAttributes (85ms)
			AfterProcessingInitializeOnLoad (2ms)
			EditorAssembliesLoaded (0ms)
		ExecutionOrderSort2 (0ms)
		AwakeInstancesAfterBackupRestoration (7ms)
Launched and connected shader compiler UnityShaderCompiler.exe after 0.06 seconds
Refreshing native plugins compatible for Editor in 6.24 ms, found 4 plugins.
Preloading 0 native plugins for Editor in 0.00 ms.
Unloading 6825 Unused Serialized files (Serialized files now loaded: 0)
Unloading 92 unused Assets / (1.1 MB). Loaded Objects now: 7297.
Memory consumption went from 263.1 MB to 262.0 MB.
Total: 4.771200 ms (FindLiveObjects: 0.461800 ms CreateObjectMapping: 0.246500 ms MarkObjects: 3.551000 ms  DeleteObjects: 0.510900 ms)

AssetImportParameters requested are different than current active one (requested -> active):
  custom:container-demuxer-ogg: 62fdf1f143b41e24485cea50d1cbac27 -> 
  custom:framework-win-MediaFoundation: 216162199b28c13a410421893ffa2e32 -> 
  custom:container-muxer-webm: aa71ff27fc2769a1b78a27578f13a17b -> 
  custom:video-decoder-webm-vp8: 9c59270c3fd7afecdb556c50c9e8de78 -> 
  custom:SearchIndexIgnoredProperties: e643bd26f0fe6173181afceb89e7c659 -> 
  custom:AudioImporter_EditorPlatform: d09bf68614088b80899f8185d706f6e7 -> 
  custom:audio-decoder-ogg-vorbis: bf7c407c2cedff20999df2af8eb42d56 -> 
  custom:audio-encoder-webm-vorbis: bf7c407c2cedff20999df2af8eb42d56 -> 
  custom:video-decoder-ogg-theora: a1e56fd34408186e4bbccfd4996cb3dc -> 
  custom:CustomObjectIndexerAttribute: a3ef5dd2817f97addfee359851a9dba5 -> 
  custom:container-demuxer-webm: 4f35f7cbe854078d1ac9338744f61a02 -> 
  custom:video-encoder-webm-vp8: eb34c28f22e8b96e1ab97ce403110664 -> 
========================================================================
Received Import Request.
  Time since last request: 2655.622828 seconds.
  path: Assets/Shop Castle/Castle/_DefaultCastle.asset
  artifactKey: Guid(14a4e120ca39a544797760c501db3a8c) Importer(815301076,1909f56bfc062723c751e8b465ee728b)
Start importing Assets/Shop Castle/Castle/_DefaultCastle.asset using Guid(14a4e120ca39a544797760c501db3a8c) Importer(815301076,1909f56bfc062723c751e8b465ee728b)  -> (artifact id: '7e08ee884614c8cb10fa0662545b311b') in 0.016968 seconds
Number of updated asset objects reloaded before import = 0
Number of asset objects unloaded after import = 3
========================================================================
Received Import Request.
  Time since last request: 4.741134 seconds.
  path: Assets/Shop Castle/Castle/Silvercrest.asset
  artifactKey: Guid(a212e0bc5167f8a4296268b3c97aa188) Importer(815301076,1909f56bfc062723c751e8b465ee728b)
Start importing Assets/Shop Castle/Castle/Silvercrest.asset using Guid(a212e0bc5167f8a4296268b3c97aa188) Importer(815301076,1909f56bfc062723c751e8b465ee728b)  -> (artifact id: '6290c126c5e0415647c81b209c5a5632') in 0.000992 seconds
Number of updated asset objects reloaded before import = 0
Number of asset objects unloaded after import = 1
========================================================================
Received Import Request.
  Time since last request: 1694.418488 seconds.
  path: Assets/Shop Castle/Castle/_DefaultCastle.asset
  artifactKey: Guid(14a4e120ca39a544797760c501db3a8c) Importer(815301076,1909f56bfc062723c751e8b465ee728b)
Start importing Assets/Shop Castle/Castle/_DefaultCastle.asset using Guid(14a4e120ca39a544797760c501db3a8c) Importer(815301076,1909f56bfc062723c751e8b465ee728b)  -> (artifact id: 'e62c8743bad74e25c4e7afacd36cc419') in 0.002370 seconds
Number of updated asset objects reloaded before import = 0
Number of asset objects unloaded after import = 6
========================================================================
Received Import Request.
  Time since last request: 2.121588 seconds.
  path: Assets/Shop Castle/Castle/_DefaultCastle.asset
  artifactKey: Guid(14a4e120ca39a544797760c501db3a8c) Importer(815301076,1909f56bfc062723c751e8b465ee728b)
Start importing Assets/Shop Castle/Castle/_DefaultCastle.asset using Guid(14a4e120ca39a544797760c501db3a8c) Importer(815301076,1909f56bfc062723c751e8b465ee728b)  -> (artifact id: '6eaefef47facfeba2371cd575aa01175') in 0.002564 seconds
Number of updated asset objects reloaded before import = 0
Number of asset objects unloaded after import = 7
========================================================================
Received Import Request.
  Time since last request: 1.353308 seconds.
  path: Assets/Shop Castle/Castle/_DefaultCastle.asset
  artifactKey: Guid(14a4e120ca39a544797760c501db3a8c) Importer(815301076,1909f56bfc062723c751e8b465ee728b)
Start importing Assets/Shop Castle/Castle/_DefaultCastle.asset using Guid(14a4e120ca39a544797760c501db3a8c) Importer(815301076,1909f56bfc062723c751e8b465ee728b)  -> (artifact id: 'f7fe0bc8ddd7bac55e02c1ff00d36c94') in 0.002319 seconds
Number of updated asset objects reloaded before import = 0
Number of asset objects unloaded after import = 7
========================================================================
Received Import Request.
  Time since last request: 4.961232 seconds.
  path: Assets/Shop Castle/Castle/_DefaultCastle.asset
  artifactKey: Guid(14a4e120ca39a544797760c501db3a8c) Importer(815301076,1909f56bfc062723c751e8b465ee728b)
Start importing Assets/Shop Castle/Castle/_DefaultCastle.asset using Guid(14a4e120ca39a544797760c501db3a8c) Importer(815301076,1909f56bfc062723c751e8b465ee728b)  -> (artifact id: 'b6207af8caab1821ebfadaf33f5b4d4b') in 0.003085 seconds
Number of updated asset objects reloaded before import = 0
Number of asset objects unloaded after import = 7
========================================================================
Received Import Request.
  Time since last request: 3.964875 seconds.
  path: Assets/Shop Castle/Castle/New Castle SO 1.asset
  artifactKey: Guid(e26649aa475a56b4cb92ae99b2df019f) Importer(815301076,1909f56bfc062723c751e8b465ee728b)
Start importing Assets/Shop Castle/Castle/New Castle SO 1.asset using Guid(e26649aa475a56b4cb92ae99b2df019f) Importer(815301076,1909f56bfc062723c751e8b465ee728b)  -> (artifact id: '2705c6cc2972ba3e5c2535f3e69353c4') in 0.001069 seconds
Number of updated asset objects reloaded before import = 0
Number of asset objects unloaded after import = 1
========================================================================
Received Import Request.
  Time since last request: 2.531550 seconds.
  path: Assets/Shop Castle/Castle/Silvercrest.asset
  artifactKey: Guid(a212e0bc5167f8a4296268b3c97aa188) Importer(815301076,1909f56bfc062723c751e8b465ee728b)
Start importing Assets/Shop Castle/Castle/Silvercrest.asset using Guid(a212e0bc5167f8a4296268b3c97aa188) Importer(815301076,1909f56bfc062723c751e8b465ee728b)  -> (artifact id: 'e7b365fc9f1b231afb4c32f4b03ab500') in 0.001077 seconds
Number of updated asset objects reloaded before import = 0
Number of asset objects unloaded after import = 1
========================================================================
Received Import Request.
  Time since last request: 221.955709 seconds.
  path: Assets/Shop Castle/Castle/Aurora Falls.asset
  artifactKey: Guid(e26649aa475a56b4cb92ae99b2df019f) Importer(815301076,1909f56bfc062723c751e8b465ee728b)
Start importing Assets/Shop Castle/Castle/Aurora Falls.asset using Guid(e26649aa475a56b4cb92ae99b2df019f) Importer(815301076,1909f56bfc062723c751e8b465ee728b)  -> (artifact id: 'e1c8148a081aa3a75d63236d559630ac') in 0.000989 seconds
Number of updated asset objects reloaded before import = 0
Number of asset objects unloaded after import = 1
========================================================================
Received Import Request.
  Time since last request: 18.245067 seconds.
  path: Assets/Shop Castle/Castle/Aurora Falls.asset
  artifactKey: Guid(e26649aa475a56b4cb92ae99b2df019f) Importer(815301076,1909f56bfc062723c751e8b465ee728b)
Start importing Assets/Shop Castle/Castle/Aurora Falls.asset using Guid(e26649aa475a56b4cb92ae99b2df019f) Importer(815301076,1909f56bfc062723c751e8b465ee728b)  -> (artifact id: '496ac05610526898ecdbfed838675c35') in 0.001310 seconds
Number of updated asset objects reloaded before import = 0
Number of asset objects unloaded after import = 2
========================================================================
Received Import Request.
  Time since last request: 3.913907 seconds.
  path: Assets/Shop Castle/Castle/Aurora Falls.asset
  artifactKey: Guid(e26649aa475a56b4cb92ae99b2df019f) Importer(815301076,1909f56bfc062723c751e8b465ee728b)
Start importing Assets/Shop Castle/Castle/Aurora Falls.asset using Guid(e26649aa475a56b4cb92ae99b2df019f) Importer(815301076,1909f56bfc062723c751e8b465ee728b)  -> (artifact id: '141ecdd2dd46321a34005d7d30a8e815') in 0.001564 seconds
Number of updated asset objects reloaded before import = 0
Number of asset objects unloaded after import = 3
========================================================================
Received Import Request.
  Time since last request: 12.975458 seconds.
  path: Assets/Shop Castle/Castle/Aurora Falls.asset
  artifactKey: Guid(e26649aa475a56b4cb92ae99b2df019f) Importer(815301076,1909f56bfc062723c751e8b465ee728b)
Start importing Assets/Shop Castle/Castle/Aurora Falls.asset using Guid(e26649aa475a56b4cb92ae99b2df019f) Importer(815301076,1909f56bfc062723c751e8b465ee728b)  -> (artifact id: '113aa384472ad510c30195839adcdc8d') in 0.001665 seconds
Number of updated asset objects reloaded before import = 0
Number of asset objects unloaded after import = 3
========================================================================
Received Import Request.
  Time since last request: 8.486638 seconds.
  path: Assets/Shop Castle/Castle/Aurora Falls.asset
  artifactKey: Guid(e26649aa475a56b4cb92ae99b2df019f) Importer(815301076,1909f56bfc062723c751e8b465ee728b)
Start importing Assets/Shop Castle/Castle/Aurora Falls.asset using Guid(e26649aa475a56b4cb92ae99b2df019f) Importer(815301076,1909f56bfc062723c751e8b465ee728b)  -> (artifact id: 'ca9af88f0650d022e34e4f916fddb018') in 0.001858 seconds
Number of updated asset objects reloaded before import = 0
Number of asset objects unloaded after import = 4
========================================================================
Received Import Request.
  Time since last request: 5.841785 seconds.
  path: Assets/Shop Castle/Castle/Aurora Falls.asset
  artifactKey: Guid(e26649aa475a56b4cb92ae99b2df019f) Importer(815301076,1909f56bfc062723c751e8b465ee728b)
Start importing Assets/Shop Castle/Castle/Aurora Falls.asset using Guid(e26649aa475a56b4cb92ae99b2df019f) Importer(815301076,1909f56bfc062723c751e8b465ee728b)  -> (artifact id: 'a467e90df501d6a22b0e22302cfd0300') in 0.002054 seconds
Number of updated asset objects reloaded before import = 0
Number of asset objects unloaded after import = 5
========================================================================
Received Import Request.
  Time since last request: 6.664478 seconds.
  path: Assets/Shop Castle/Castle/Aurora Falls.asset
  artifactKey: Guid(e26649aa475a56b4cb92ae99b2df019f) Importer(815301076,1909f56bfc062723c751e8b465ee728b)
Start importing Assets/Shop Castle/Castle/Aurora Falls.asset using Guid(e26649aa475a56b4cb92ae99b2df019f) Importer(815301076,1909f56bfc062723c751e8b465ee728b)  -> (artifact id: '334a44006892392f15f77d1c532eeef8') in 0.002182 seconds
Number of updated asset objects reloaded before import = 0
Number of asset objects unloaded after import = 5
========================================================================
Received Import Request.
  Time since last request: 3.181363 seconds.
  path: Assets/Shop Castle/Castle/Aurora Falls.asset
  artifactKey: Guid(e26649aa475a56b4cb92ae99b2df019f) Importer(815301076,1909f56bfc062723c751e8b465ee728b)
Start importing Assets/Shop Castle/Castle/Aurora Falls.asset using Guid(e26649aa475a56b4cb92ae99b2df019f) Importer(815301076,1909f56bfc062723c751e8b465ee728b)  -> (artifact id: '531f6bf96a4100ffd42da05cc8b57695') in 0.001815 seconds
Number of updated asset objects reloaded before import = 0
Number of asset objects unloaded after import = 5
========================================================================
Received Import Request.
  Time since last request: 6.409660 seconds.
  path: Assets/Shop Castle/Castle/Aurora Falls.asset
  artifactKey: Guid(e26649aa475a56b4cb92ae99b2df019f) Importer(815301076,1909f56bfc062723c751e8b465ee728b)
Start importing Assets/Shop Castle/Castle/Aurora Falls.asset using Guid(e26649aa475a56b4cb92ae99b2df019f) Importer(815301076,1909f56bfc062723c751e8b465ee728b)  -> (artifact id: 'eb5b0548f7908397de8fd9e5833f5095') in 0.002243 seconds
Number of updated asset objects reloaded before import = 0
Number of asset objects unloaded after import = 6
========================================================================
Received Import Request.
  Time since last request: 2.018673 seconds.
  path: Assets/Shop Castle/Castle/Aurora Falls.asset
  artifactKey: Guid(e26649aa475a56b4cb92ae99b2df019f) Importer(815301076,1909f56bfc062723c751e8b465ee728b)
Start importing Assets/Shop Castle/Castle/Aurora Falls.asset using Guid(e26649aa475a56b4cb92ae99b2df019f) Importer(815301076,1909f56bfc062723c751e8b465ee728b)  -> (artifact id: 'a826f002a124449703ec614d34b49df4') in 0.002575 seconds
Number of updated asset objects reloaded before import = 0
Number of asset objects unloaded after import = 7
========================================================================
Received Import Request.
  Time since last request: 111.641693 seconds.
  path: Assets/Shop Castle/Castle/Silvercrest.asset
  artifactKey: Guid(a212e0bc5167f8a4296268b3c97aa188) Importer(815301076,1909f56bfc062723c751e8b465ee728b)
Start importing Assets/Shop Castle/Castle/Silvercrest.asset using Guid(a212e0bc5167f8a4296268b3c97aa188) Importer(815301076,1909f56bfc062723c751e8b465ee728b)  -> (artifact id: 'c9ae810e0a1e6ea1dd49b0cecc19a17d') in 0.001226 seconds
Number of updated asset objects reloaded before import = 0
Number of asset objects unloaded after import = 2
========================================================================
Received Import Request.
  Time since last request: 5.088507 seconds.
  path: Assets/Shop Castle/Castle/Silvercrest.asset
  artifactKey: Guid(a212e0bc5167f8a4296268b3c97aa188) Importer(815301076,1909f56bfc062723c751e8b465ee728b)
Start importing Assets/Shop Castle/Castle/Silvercrest.asset using Guid(a212e0bc5167f8a4296268b3c97aa188) Importer(815301076,1909f56bfc062723c751e8b465ee728b)  -> (artifact id: 'f8dec8d9c07bf7b36228c7b2313ec73f') in 0.001558 seconds
Number of updated asset objects reloaded before import = 0
Number of asset objects unloaded after import = 3
========================================================================
Received Import Request.
  Time since last request: 3.648908 seconds.
  path: Assets/Shop Castle/Castle/Silvercrest.asset
  artifactKey: Guid(a212e0bc5167f8a4296268b3c97aa188) Importer(815301076,1909f56bfc062723c751e8b465ee728b)
Start importing Assets/Shop Castle/Castle/Silvercrest.asset using Guid(a212e0bc5167f8a4296268b3c97aa188) Importer(815301076,1909f56bfc062723c751e8b465ee728b)  -> (artifact id: 'abeb9ac6bb8e6c6ef9953b6c6100be07') in 0.001940 seconds
Number of updated asset objects reloaded before import = 0
Number of asset objects unloaded after import = 4
========================================================================
Received Import Request.
  Time since last request: 10.815295 seconds.
  path: Assets/Shop Castle/Castle/_DefaultCastle.asset
  artifactKey: Guid(14a4e120ca39a544797760c501db3a8c) Importer(815301076,1909f56bfc062723c751e8b465ee728b)
Start importing Assets/Shop Castle/Castle/_DefaultCastle.asset using Guid(14a4e120ca39a544797760c501db3a8c) Importer(815301076,1909f56bfc062723c751e8b465ee728b)  -> (artifact id: 'd3f57068e3cd729833af33c96a7f273a') in 0.002388 seconds
Number of updated asset objects reloaded before import = 0
Number of asset objects unloaded after import = 7
========================================================================
Received Import Request.
  Time since last request: 4.115320 seconds.
  path: Assets/Shop Castle/Castle/Silvercrest.asset
  artifactKey: Guid(a212e0bc5167f8a4296268b3c97aa188) Importer(815301076,1909f56bfc062723c751e8b465ee728b)
Start importing Assets/Shop Castle/Castle/Silvercrest.asset using Guid(a212e0bc5167f8a4296268b3c97aa188) Importer(815301076,1909f56bfc062723c751e8b465ee728b)  -> (artifact id: '01a1623a7b4bfeae10f19c0a97497f6d') in 0.002138 seconds
Number of updated asset objects reloaded before import = 0
Number of asset objects unloaded after import = 4
========================================================================
Received Import Request.
  Time since last request: 3.167257 seconds.
  path: Assets/Shop Castle/Castle/Silvercrest.asset
  artifactKey: Guid(a212e0bc5167f8a4296268b3c97aa188) Importer(815301076,1909f56bfc062723c751e8b465ee728b)
Start importing Assets/Shop Castle/Castle/Silvercrest.asset using Guid(a212e0bc5167f8a4296268b3c97aa188) Importer(815301076,1909f56bfc062723c751e8b465ee728b)  -> (artifact id: '707809bbf476a2bc709a46bacad5209b') in 0.001758 seconds
Number of updated asset objects reloaded before import = 0
Number of asset objects unloaded after import = 4
========================================================================
Received Import Request.
  Time since last request: 2.869108 seconds.
  path: Assets/Shop Castle/Castle/Silvercrest.asset
  artifactKey: Guid(a212e0bc5167f8a4296268b3c97aa188) Importer(815301076,1909f56bfc062723c751e8b465ee728b)
Start importing Assets/Shop Castle/Castle/Silvercrest.asset using Guid(a212e0bc5167f8a4296268b3c97aa188) Importer(815301076,1909f56bfc062723c751e8b465ee728b)  -> (artifact id: '5575371f69417f4dfc0959f0682cd901') in 0.001638 seconds
Number of updated asset objects reloaded before import = 0
Number of asset objects unloaded after import = 4
========================================================================
Received Import Request.
  Time since last request: 8.503542 seconds.
  path: Assets/Shop Castle/Castle/Silvercrest.asset
  artifactKey: Guid(a212e0bc5167f8a4296268b3c97aa188) Importer(815301076,1909f56bfc062723c751e8b465ee728b)
Start importing Assets/Shop Castle/Castle/Silvercrest.asset using Guid(a212e0bc5167f8a4296268b3c97aa188) Importer(815301076,1909f56bfc062723c751e8b465ee728b)  -> (artifact id: 'c37705702644ffb4994a3dfe84ffaf16') in 0.001911 seconds
Number of updated asset objects reloaded before import = 0
Number of asset objects unloaded after import = 5
========================================================================
Received Import Request.
  Time since last request: 4.553841 seconds.
  path: Assets/Shop Castle/Castle/Silvercrest.asset
  artifactKey: Guid(a212e0bc5167f8a4296268b3c97aa188) Importer(815301076,1909f56bfc062723c751e8b465ee728b)
Start importing Assets/Shop Castle/Castle/Silvercrest.asset using Guid(a212e0bc5167f8a4296268b3c97aa188) Importer(815301076,1909f56bfc062723c751e8b465ee728b)  -> (artifact id: 'bffbabd3778f786d3fe01b0558cdc9d6') in 0.002141 seconds
Number of updated asset objects reloaded before import = 0
Number of asset objects unloaded after import = 6
========================================================================
Received Import Request.
  Time since last request: 7.898927 seconds.
  path: Assets/Shop Castle/Castle_Shop.asset
  artifactKey: Guid(649ff6bade5215a4e81da9093fcaa0e1) Importer(815301076,1909f56bfc062723c751e8b465ee728b)
Start importing Assets/Shop Castle/Castle_Shop.asset using Guid(649ff6bade5215a4e81da9093fcaa0e1) Importer(815301076,1909f56bfc062723c751e8b465ee728b)  -> (artifact id: 'e2af17122107b2004a7f0238e0fa3c6d') in 0.003614 seconds
Number of updated asset objects reloaded before import = 0
Number of asset objects unloaded after import = 11
========================================================================
Received Import Request.
  Time since last request: 6.313852 seconds.
  path: Assets/Shop Castle/Blur/BlurMaterial.mat
  artifactKey: Guid(55d81204bcb7b584c842f31f3a935b41) Importer(815301076,1909f56bfc062723c751e8b465ee728b)
Start importing Assets/Shop Castle/Blur/BlurMaterial.mat using Guid(55d81204bcb7b584c842f31f3a935b41) Importer(815301076,1909f56bfc062723c751e8b465ee728b)  -> (artifact id: '178bdb322f8e66b4a9d5c5a7428ae301') in 0.000930 seconds
Number of updated asset objects reloaded before import = 0
Number of asset objects unloaded after import = 1
========================================================================
Received Prepare
Begin MonoManager ReloadAssembly
Symbol file LoadedFromMemory doesn't match image E:\Save Game\Clone\chiendauquaivat\Library\PackageCache\com.unity.visualscripting@1.8.0\Editor\VisualScripting.Core\Dependencies\YamlDotNet\Unity.VisualScripting.YamlDotNet.dll
Symbol file LoadedFromMemory doesn't match image E:\Save Game\Clone\chiendauquaivat\Library\PackageCache\com.unity.visualscripting@1.8.0\Editor\VisualScripting.Core\Dependencies\DotNetZip\Unity.VisualScripting.IonicZip.dll
Symbol file LoadedFromMemory is not a mono symbol file
- Loaded All Assemblies, in  0.872 seconds
Refreshing native plugins compatible for Editor in 6.42 ms, found 4 plugins.
Native extension for WindowsStandalone target not found
Mono: successfully reloaded assembly
[Package Manager] Server::EnsureServerProcessIsRunning -- launch failed, reason: Unity was launched with the -noUpm command-line argument
[Package Manager] UpmClient::Send -- Unable to send message (not connected to UPM process).
[Package Manager] Cannot connect to Unity Package Manager local server
- Finished resetting the current domain, in  1.469 seconds
Domain Reload Profiling: 2341ms
	BeginReloadAssembly (146ms)
		ExecutionOrderSort (0ms)
		DisableScriptedObjects (11ms)
		BackupInstance (0ms)
		ReleaseScriptingObjects (0ms)
		CreateAndSetChildDomain (43ms)
	RebuildCommonClasses (28ms)
	RebuildNativeTypeToScriptingClass (14ms)
	initialDomainReloadingComplete (27ms)
	LoadAllAssembliesAndSetupDomain (656ms)
		LoadAssemblies (414ms)
		RebuildTransferFunctionScriptingTraits (0ms)
		AnalyzeDomain (306ms)
			TypeCache.Refresh (292ms)
				TypeCache.ScanAssembly (276ms)
			ScanForSourceGeneratedMonoScriptInfo (0ms)
			ResolveRequiredComponents (14ms)
	FinalizeReload (1469ms)
		ReleaseScriptCaches (0ms)
		RebuildScriptCaches (0ms)
		SetupLoadedEditorAssemblies (495ms)
			LogAssemblyErrors (0ms)
			InitializePlatformSupportModulesInManaged (6ms)
			SetLoadedEditorAssemblies (5ms)
			RefreshPlugins (0ms)
			BeforeProcessingInitializeOnLoad (98ms)
			ProcessInitializeOnLoadAttributes (291ms)
			ProcessInitializeOnLoadMethodAttributes (93ms)
			AfterProcessingInitializeOnLoad (3ms)
			EditorAssembliesLoaded (0ms)
		ExecutionOrderSort2 (0ms)
		AwakeInstancesAfterBackupRestoration (16ms)
Refreshing native plugins compatible for Editor in 5.80 ms, found 4 plugins.
Preloading 0 native plugins for Editor in 0.00 ms.
Unloading 6636 Unused Serialized files (Serialized files now loaded: 0)
Unloading 55 unused Assets / (1.1 MB). Loaded Objects now: 7304.
Memory consumption went from 227.2 MB to 226.2 MB.
Total: 4.554300 ms (FindLiveObjects: 0.453600 ms CreateObjectMapping: 0.304300 ms MarkObjects: 3.496500 ms  DeleteObjects: 0.299100 ms)

Prepare: number of updated asset objects reloaded= 0
AssetImportParameters requested are different than current active one (requested -> active):
  custom:container-demuxer-ogg: 62fdf1f143b41e24485cea50d1cbac27 -> 
  custom:framework-win-MediaFoundation: 216162199b28c13a410421893ffa2e32 -> 
  custom:container-muxer-webm: aa71ff27fc2769a1b78a27578f13a17b -> 
  custom:video-decoder-webm-vp8: 9c59270c3fd7afecdb556c50c9e8de78 -> 
  custom:SearchIndexIgnoredProperties: e643bd26f0fe6173181afceb89e7c659 -> 
  custom:AudioImporter_EditorPlatform: d09bf68614088b80899f8185d706f6e7 -> 
  custom:audio-decoder-ogg-vorbis: bf7c407c2cedff20999df2af8eb42d56 -> 
  custom:audio-encoder-webm-vorbis: bf7c407c2cedff20999df2af8eb42d56 -> 
  custom:video-decoder-ogg-theora: a1e56fd34408186e4bbccfd4996cb3dc -> 
  custom:CustomObjectIndexerAttribute: a3ef5dd2817f97addfee359851a9dba5 -> 
  custom:container-demuxer-webm: 4f35f7cbe854078d1ac9338744f61a02 -> 
  custom:video-encoder-webm-vp8: eb34c28f22e8b96e1ab97ce403110664 -> 
========================================================================
Received Import Request.
  Time since last request: 64.877222 seconds.
  path: Assets/Shop Castle/CSI/_DefaultCSI.asset
  artifactKey: Guid(ef99631ded5da254f9236b2d8af07d20) Importer(815301076,1909f56bfc062723c751e8b465ee728b)
Start importing Assets/Shop Castle/CSI/_DefaultCSI.asset using Guid(ef99631ded5da254f9236b2d8af07d20) Importer(815301076,1909f56bfc062723c751e8b465ee728b)  -> (artifact id: 'eddc42d076e11c2cf9294a343a9fc149') in 0.016854 seconds
Number of updated asset objects reloaded before import = 0
Number of asset objects unloaded after import = 8
========================================================================
Received Import Request.
  Time since last request: 2.437380 seconds.
  path: Assets/Shop Castle/CSI/Aurora CSI.asset
  artifactKey: Guid(71b8372088e680e4da5955ffca652caf) Importer(815301076,1909f56bfc062723c751e8b465ee728b)
Start importing Assets/Shop Castle/CSI/Aurora CSI.asset using Guid(71b8372088e680e4da5955ffca652caf) Importer(815301076,1909f56bfc062723c751e8b465ee728b)  -> (artifact id: '7120e32c242715ce5c1ba04130236146') in 0.002848 seconds
Number of updated asset objects reloaded before import = 0
Number of asset objects unloaded after import = 8
========================================================================
Received Import Request.
  Time since last request: 2.058362 seconds.
  path: Assets/Shop Castle/CSI/Silvercrest CSI.asset
  artifactKey: Guid(2766235db4c4c034786651b618c1224a) Importer(815301076,1909f56bfc062723c751e8b465ee728b)
Start importing Assets/Shop Castle/CSI/Silvercrest CSI.asset using Guid(2766235db4c4c034786651b618c1224a) Importer(815301076,1909f56bfc062723c751e8b465ee728b)  -> (artifact id: '611da1edca9b4fa66e194c7bcc48251c') in 0.002254 seconds
Number of updated asset objects reloaded before import = 0
Number of asset objects unloaded after import = 7
========================================================================
Received Prepare
Begin MonoManager ReloadAssembly
Symbol file LoadedFromMemory doesn't match image E:\Save Game\Clone\chiendauquaivat\Library\PackageCache\com.unity.visualscripting@1.8.0\Editor\VisualScripting.Core\Dependencies\YamlDotNet\Unity.VisualScripting.YamlDotNet.dll
Symbol file LoadedFromMemory doesn't match image E:\Save Game\Clone\chiendauquaivat\Library\PackageCache\com.unity.visualscripting@1.8.0\Editor\VisualScripting.Core\Dependencies\DotNetZip\Unity.VisualScripting.IonicZip.dll
Symbol file LoadedFromMemory is not a mono symbol file
- Loaded All Assemblies, in  0.759 seconds
Refreshing native plugins compatible for Editor in 7.33 ms, found 4 plugins.
Native extension for WindowsStandalone target not found
Mono: successfully reloaded assembly
[Package Manager] Server::EnsureServerProcessIsRunning -- launch failed, reason: Unity was launched with the -noUpm command-line argument
[Package Manager] UpmClient::Send -- Unable to send message (not connected to UPM process).
[Package Manager] Cannot connect to Unity Package Manager local server
- Finished resetting the current domain, in  1.436 seconds
Domain Reload Profiling: 2195ms
	BeginReloadAssembly (167ms)
		ExecutionOrderSort (0ms)
		DisableScriptedObjects (10ms)
		BackupInstance (0ms)
		ReleaseScriptingObjects (0ms)
		CreateAndSetChildDomain (50ms)
	RebuildCommonClasses (30ms)
	RebuildNativeTypeToScriptingClass (11ms)
	initialDomainReloadingComplete (26ms)
	LoadAllAssembliesAndSetupDomain (524ms)
		LoadAssemblies (301ms)
		RebuildTransferFunctionScriptingTraits (0ms)
		AnalyzeDomain (296ms)
			TypeCache.Refresh (278ms)
				TypeCache.ScanAssembly (264ms)
			ScanForSourceGeneratedMonoScriptInfo (0ms)
			ResolveRequiredComponents (17ms)
	FinalizeReload (1437ms)
		ReleaseScriptCaches (0ms)
		RebuildScriptCaches (0ms)
		SetupLoadedEditorAssemblies (486ms)
			LogAssemblyErrors (0ms)
			InitializePlatformSupportModulesInManaged (5ms)
			SetLoadedEditorAssemblies (4ms)
			RefreshPlugins (0ms)
			BeforeProcessingInitializeOnLoad (97ms)
			ProcessInitializeOnLoadAttributes (298ms)
			ProcessInitializeOnLoadMethodAttributes (78ms)
			AfterProcessingInitializeOnLoad (3ms)
			EditorAssembliesLoaded (0ms)
		ExecutionOrderSort2 (0ms)
		AwakeInstancesAfterBackupRestoration (19ms)
Refreshing native plugins compatible for Editor in 6.71 ms, found 4 plugins.
Preloading 0 native plugins for Editor in 0.00 ms.
Unloading 6636 Unused Serialized files (Serialized files now loaded: 0)
Unloading 55 unused Assets / (1.1 MB). Loaded Objects now: 7309.
Memory consumption went from 227.3 MB to 226.2 MB.
Total: 4.886900 ms (FindLiveObjects: 0.561300 ms CreateObjectMapping: 0.538100 ms MarkObjects: 3.548500 ms  DeleteObjects: 0.237900 ms)

Prepare: number of updated asset objects reloaded= 0
AssetImportParameters requested are different than current active one (requested -> active):
  custom:container-demuxer-ogg: 62fdf1f143b41e24485cea50d1cbac27 -> 
  custom:framework-win-MediaFoundation: 216162199b28c13a410421893ffa2e32 -> 
  custom:container-muxer-webm: aa71ff27fc2769a1b78a27578f13a17b -> 
  custom:video-decoder-webm-vp8: 9c59270c3fd7afecdb556c50c9e8de78 -> 
  custom:SearchIndexIgnoredProperties: e643bd26f0fe6173181afceb89e7c659 -> 
  custom:AudioImporter_EditorPlatform: d09bf68614088b80899f8185d706f6e7 -> 
  custom:audio-decoder-ogg-vorbis: bf7c407c2cedff20999df2af8eb42d56 -> 
  custom:audio-encoder-webm-vorbis: bf7c407c2cedff20999df2af8eb42d56 -> 
  custom:video-decoder-ogg-theora: a1e56fd34408186e4bbccfd4996cb3dc -> 
  custom:CustomObjectIndexerAttribute: a3ef5dd2817f97addfee359851a9dba5 -> 
  custom:container-demuxer-webm: 4f35f7cbe854078d1ac9338744f61a02 -> 
  custom:video-encoder-webm-vp8: eb34c28f22e8b96e1ab97ce403110664 -> 
========================================================================
Received Import Request.
  Time since last request: 31.109400 seconds.
  path: Assets/Shop Castle/Castle/Silvercrest.asset
  artifactKey: Guid(a212e0bc5167f8a4296268b3c97aa188) Importer(815301076,1909f56bfc062723c751e8b465ee728b)
Start importing Assets/Shop Castle/Castle/Silvercrest.asset using Guid(a212e0bc5167f8a4296268b3c97aa188) Importer(815301076,1909f56bfc062723c751e8b465ee728b)  -> (artifact id: '87b3a82b110e90a8807c81f8116e5e65') in 0.015305 seconds
Number of updated asset objects reloaded before import = 0
Number of asset objects unloaded after import = 7
========================================================================
Received Prepare
Begin MonoManager ReloadAssembly
Symbol file LoadedFromMemory doesn't match image E:\Save Game\Clone\chiendauquaivat\Library\PackageCache\com.unity.visualscripting@1.8.0\Editor\VisualScripting.Core\Dependencies\YamlDotNet\Unity.VisualScripting.YamlDotNet.dll
Symbol file LoadedFromMemory doesn't match image E:\Save Game\Clone\chiendauquaivat\Library\PackageCache\com.unity.visualscripting@1.8.0\Editor\VisualScripting.Core\Dependencies\DotNetZip\Unity.VisualScripting.IonicZip.dll
Symbol file LoadedFromMemory is not a mono symbol file
- Loaded All Assemblies, in  0.744 seconds
Refreshing native plugins compatible for Editor in 4.85 ms, found 4 plugins.
Native extension for WindowsStandalone target not found
Mono: successfully reloaded assembly
[Package Manager] Server::EnsureServerProcessIsRunning -- launch failed, reason: Unity was launched with the -noUpm command-line argument
[Package Manager] UpmClient::Send -- Unable to send message (not connected to UPM process).
[Package Manager] Cannot connect to Unity Package Manager local server
- Finished resetting the current domain, in  1.401 seconds
Domain Reload Profiling: 2144ms
	BeginReloadAssembly (152ms)
		ExecutionOrderSort (0ms)
		DisableScriptedObjects (10ms)
		BackupInstance (0ms)
		ReleaseScriptingObjects (0ms)
		CreateAndSetChildDomain (44ms)
	RebuildCommonClasses (34ms)
	RebuildNativeTypeToScriptingClass (11ms)
	initialDomainReloadingComplete (25ms)
	LoadAllAssembliesAndSetupDomain (520ms)
		LoadAssemblies (296ms)
		RebuildTransferFunctionScriptingTraits (0ms)
		AnalyzeDomain (293ms)
			TypeCache.Refresh (278ms)
				TypeCache.ScanAssembly (263ms)
			ScanForSourceGeneratedMonoScriptInfo (0ms)
			ResolveRequiredComponents (16ms)
	FinalizeReload (1402ms)
		ReleaseScriptCaches (0ms)
		RebuildScriptCaches (0ms)
		SetupLoadedEditorAssemblies (484ms)
			LogAssemblyErrors (0ms)
			InitializePlatformSupportModulesInManaged (4ms)
			SetLoadedEditorAssemblies (4ms)
			RefreshPlugins (0ms)
			BeforeProcessingInitializeOnLoad (94ms)
			ProcessInitializeOnLoadAttributes (288ms)
			ProcessInitializeOnLoadMethodAttributes (91ms)
			AfterProcessingInitializeOnLoad (3ms)
			EditorAssembliesLoaded (0ms)
		ExecutionOrderSort2 (0ms)
		AwakeInstancesAfterBackupRestoration (17ms)
Refreshing native plugins compatible for Editor in 6.04 ms, found 4 plugins.
Preloading 0 native plugins for Editor in 0.00 ms.
Unloading 6636 Unused Serialized files (Serialized files now loaded: 0)
Unloading 55 unused Assets / (1.1 MB). Loaded Objects now: 7314.
Memory consumption went from 227.3 MB to 226.2 MB.
Total: 4.389500 ms (FindLiveObjects: 0.592800 ms CreateObjectMapping: 0.437900 ms MarkObjects: 3.078000 ms  DeleteObjects: 0.279300 ms)

Prepare: number of updated asset objects reloaded= 0
AssetImportParameters requested are different than current active one (requested -> active):
  custom:container-demuxer-ogg: 62fdf1f143b41e24485cea50d1cbac27 -> 
  custom:framework-win-MediaFoundation: 216162199b28c13a410421893ffa2e32 -> 
  custom:container-muxer-webm: aa71ff27fc2769a1b78a27578f13a17b -> 
  custom:video-decoder-webm-vp8: 9c59270c3fd7afecdb556c50c9e8de78 -> 
  custom:SearchIndexIgnoredProperties: e643bd26f0fe6173181afceb89e7c659 -> 
  custom:AudioImporter_EditorPlatform: d09bf68614088b80899f8185d706f6e7 -> 
  custom:audio-decoder-ogg-vorbis: bf7c407c2cedff20999df2af8eb42d56 -> 
  custom:audio-encoder-webm-vorbis: bf7c407c2cedff20999df2af8eb42d56 -> 
  custom:video-decoder-ogg-theora: a1e56fd34408186e4bbccfd4996cb3dc -> 
  custom:CustomObjectIndexerAttribute: a3ef5dd2817f97addfee359851a9dba5 -> 
  custom:container-demuxer-webm: 4f35f7cbe854078d1ac9338744f61a02 -> 
  custom:video-encoder-webm-vp8: eb34c28f22e8b96e1ab97ce403110664 -> 
========================================================================
Received Prepare
Begin MonoManager ReloadAssembly
Symbol file LoadedFromMemory doesn't match image E:\Save Game\Clone\chiendauquaivat\Library\PackageCache\com.unity.visualscripting@1.8.0\Editor\VisualScripting.Core\Dependencies\YamlDotNet\Unity.VisualScripting.YamlDotNet.dll
Symbol file LoadedFromMemory doesn't match image E:\Save Game\Clone\chiendauquaivat\Library\PackageCache\com.unity.visualscripting@1.8.0\Editor\VisualScripting.Core\Dependencies\DotNetZip\Unity.VisualScripting.IonicZip.dll
Symbol file LoadedFromMemory is not a mono symbol file
- Loaded All Assemblies, in  0.822 seconds
Refreshing native plugins compatible for Editor in 5.96 ms, found 4 plugins.
Native extension for WindowsStandalone target not found
Mono: successfully reloaded assembly
[Package Manager] Server::EnsureServerProcessIsRunning -- launch failed, reason: Unity was launched with the -noUpm command-line argument
[Package Manager] UpmClient::Send -- Unable to send message (not connected to UPM process).
[Package Manager] Cannot connect to Unity Package Manager local server
- Finished resetting the current domain, in  1.538 seconds
Domain Reload Profiling: 2359ms
	BeginReloadAssembly (159ms)
		ExecutionOrderSort (0ms)
		DisableScriptedObjects (10ms)
		BackupInstance (0ms)
		ReleaseScriptingObjects (0ms)
		CreateAndSetChildDomain (45ms)
	RebuildCommonClasses (32ms)
	RebuildNativeTypeToScriptingClass (10ms)
	initialDomainReloadingComplete (29ms)
	LoadAllAssembliesAndSetupDomain (591ms)
		LoadAssemblies (362ms)
		RebuildTransferFunctionScriptingTraits (0ms)
		AnalyzeDomain (303ms)
			TypeCache.Refresh (291ms)
				TypeCache.ScanAssembly (276ms)
			ScanForSourceGeneratedMonoScriptInfo (0ms)
			ResolveRequiredComponents (13ms)
	FinalizeReload (1538ms)
		ReleaseScriptCaches (0ms)
		RebuildScriptCaches (0ms)
		SetupLoadedEditorAssemblies (525ms)
			LogAssemblyErrors (0ms)
			InitializePlatformSupportModulesInManaged (6ms)
			SetLoadedEditorAssemblies (5ms)
			RefreshPlugins (0ms)
			BeforeProcessingInitializeOnLoad (97ms)
			ProcessInitializeOnLoadAttributes (322ms)
			ProcessInitializeOnLoadMethodAttributes (92ms)
			AfterProcessingInitializeOnLoad (3ms)
			EditorAssembliesLoaded (0ms)
		ExecutionOrderSort2 (0ms)
		AwakeInstancesAfterBackupRestoration (20ms)
Refreshing native plugins compatible for Editor in 6.71 ms, found 4 plugins.
Preloading 0 native plugins for Editor in 0.00 ms.
Unloading 6636 Unused Serialized files (Serialized files now loaded: 0)
Unloading 55 unused Assets / (1.1 MB). Loaded Objects now: 7319.
Memory consumption went from 227.3 MB to 226.2 MB.
Total: 5.410800 ms (FindLiveObjects: 0.503800 ms CreateObjectMapping: 0.554000 ms MarkObjects: 4.080300 ms  DeleteObjects: 0.271800 ms)

Prepare: number of updated asset objects reloaded= 0
AssetImportParameters requested are different than current active one (requested -> active):
  custom:container-demuxer-ogg: 62fdf1f143b41e24485cea50d1cbac27 -> 
  custom:framework-win-MediaFoundation: 216162199b28c13a410421893ffa2e32 -> 
  custom:container-muxer-webm: aa71ff27fc2769a1b78a27578f13a17b -> 
  custom:video-decoder-webm-vp8: 9c59270c3fd7afecdb556c50c9e8de78 -> 
  custom:SearchIndexIgnoredProperties: e643bd26f0fe6173181afceb89e7c659 -> 
  custom:AudioImporter_EditorPlatform: d09bf68614088b80899f8185d706f6e7 -> 
  custom:audio-decoder-ogg-vorbis: bf7c407c2cedff20999df2af8eb42d56 -> 
  custom:audio-encoder-webm-vorbis: bf7c407c2cedff20999df2af8eb42d56 -> 
  custom:video-decoder-ogg-theora: a1e56fd34408186e4bbccfd4996cb3dc -> 
  custom:CustomObjectIndexerAttribute: a3ef5dd2817f97addfee359851a9dba5 -> 
  custom:container-demuxer-webm: 4f35f7cbe854078d1ac9338744f61a02 -> 
  custom:video-encoder-webm-vp8: eb34c28f22e8b96e1ab97ce403110664 -> 
